# Integracja systemu powiadomień i animacje przycisków
Data: 2025-10-13 15:18

## Zadanie:
Naprawa i integracja przycisku powiadomień z prawdziwymi danymi z Firestore oraz dodanie subtelnych animacji.

## Wykonane prace:

### 1. Analiza istniejącego kodu
- Zidentyfikowano przycisk powiadomień w dashboardzie (admin-frontend/src/app/(protected)/page.tsx)
- Sprawdzono istniejące komponenty modalne i serwisy
- Analizowano strukturę danych Firestore

### 2. Stworzenie serwisu powiadomień
- Utworzono nowy plik: admin-frontend/src/lib/notifications-service.ts
- Zaimplementowano interfejsy typów powiadomień
- Dodano funkcje do pobierania, tworzenia i aktualizacji powiadomień
- Zaimplementowano real-time subscriptions z Firestore
- Dodano funkcje formatowania czasu

### 3. Stworzenie komponentu modalu powiadomień
- Utworzono nowy plik: admin-frontend/src/components/notifications/notifications-modal.tsx
- Zaimplementowano real-time updates powiadomień
- Dodano funkcje oznaczania jako przeczytane
- Zaimplementowano obsługę różnych typów powiadomień

### 4. Integracja z dashboardem
- Zaktualizowano plik: admin-frontend/src/app/(protected)/page.tsx
- Dodano stan dla modalu powiadomień
- Zintegrowano serwis powiadomień z dynamicznym licznikiem
- Dodano automatyczne odświeżanie co 30 sekund

### 5. Dodanie animacji przycisków
- Zaktualizowano przycisk powiadomień: efekt podnoszenia i skalowania
- Zaktualizowano przycisk przełączania motywu: identyczne efekty animacji
- Użyto płynnych przejść CSS (transition-all duration-300 ease-in-out)
- Usunięto animacje obrotu zgodnie z prośbą użytkownika

## Zmodyfikowane pliki:
1. admin-frontend/src/lib/notifications-service.ts (nowy plik)
2. admin-frontend/src/components/notifications/notifications-modal.tsx (nowy plik)
3. admin-frontend/src/app/(protected)/page.tsx (zaktualizowany)
4. admin-frontend/src/components/ui/theme-toggle.tsx (zaktualizowany)

## Wynik:
- Przycisk powiadomień działa w pełni z prawdziwymi danymi z Firestore
- Automatycznie aktualizuje licznik nieprzeczytanych powiadomień
- Można zarządzać powiadomieniami (oznaczanie jako przeczytane)
- Dodano subtelne animacje do przycisków bez efektu obrotu