# Implementacja Edytora Grafiku w Modalu

## Data
2025-10-12 18:25

## Opis
Zaimplementowano w pełni funkcjonalny edytor grafiku pracy w modalu z możliwością edycji godzin dla każdego dnia tygodnia.

## Zrealizowane zadania
- [x] Stworzyć komponent modalu do edycji grafiku
- [x] Dodać stan dla obsługi modalu w stronie godziny-pracy
- [x] Zaimplementować logikę otwierania/zamykania modalu
- [x] Stworzyć interfejs z polami czasu dla każdego dnia tygodnia
- [x] Dodać obsługę zapisu zmian w grafiku
- [x] Podłączyć funkcję do przycisku "Otwórz edytor godzin"

## Główne komponenty
- `schedule-editor-modal.tsx` - Komponent modalu z edytorem grafiku
- `godziny-pracy/page.tsx` - Strona z godzinami pracy z zintegrowanym modalem

## Funkcjonalności
- Checkbox do włączania/wyłączania dni roboczych
- Pola czasu "od" i "do" dla każdego dnia tygodnia
- Przycisk "Kopiuj dzień powszedni na weekend"
- Zapis ustawień do localStorage
- Obsługa błędów i stanu ładowania

## Naprawione błędy
- Dodano guard checks i optional chaining (`?.`) dla bezpiecznego dostępu do danych
- Poprawiono obsługę stanu z useEffect zamiast bezpośrednio w renderowaniu
- Zsynchronizowano indeksy Firestore z produkcją

## Wdrożenie
- Aplikacja pomyślnie zbudowana i wdrożona na Firebase Hosting
- URL produkcyjny: https://salonbeautymario-x1.web.app
- Zsynchronizowano indeksy Firestore z bazą produkcyjną

## Technologie
- Next.js 14.2.33
- React 18
- TypeScript
- Tailwind CSS
- Firebase Hosting