2025-10-13 17:23:38 - Aktualizacja diagramów i definicji projektu

Zadania wykonane:
1. Zaktualizowano diagramy architektury aplikacji w formacie SVG:
   - architektura-komponentow-kalendarza.svg
   - architektura-systemu-powiadomien.svg
   - architektura-systemu-ustawien.svg
   - architektura-wysokiego-poziomu.svg
   - przeplyw-danych-w-systemie.svg
   - struktura-folderow-aplikacji-FRONTEND.svg

2. Zaktualizowano pliki definicji projektu w folderze PROJECT_CONTEXT:
   - NEW_PRD.md - zaktualizowany dokument wymagań produktu
   - NEW_RULES.md - zaktualizowane zasady rozwoju projektu
   - NEW_TASK.md - szczegółowy plan implementacji
   - NEW_ARCHITECTURE.md - kompleksowa dokumentacja architektury systemu
   - NEW_PROJECT_CONTEXT.md - zaktualizowany kontekst projektu

3. Wykonano operacje git:
   - git add . - dodano wszystkie zmiany do repozytorium
   - git commit -m "Aktualizacja diagramów i definicji projektu" - zapisano zmiany
   - git push origin main - przesłano zmiany na zdalne repozytorium

Wszystkie zmiany zostały pomyślnie zapisane i przesłane do repozytorium. Dokumentacja projektu oraz diagramy architektury zostały zaktualizowane, aby odzwierciedlały aktualny stan implementacji.