# Memory Bank Update - 2025-10-22 13:00

## Cel
Aktualizacja Memory Bank i zalogowanie postępów w projekcie Beauty Salon Booking System - Beauty Mario.

## Wykonane czynności

### 1. Sprawdzenie czasu systemowego
- Aktualny czas: Wed Oct 22 13:00:14 CEST 2025
- Utworzono plik logu: 2025-10-22-13:00-Memory_Bank_Update.log

### 2. Weryfikacja Memory Bank
- Sprawdzono wszystkie pliki w folderze .kilocode/rules/memory-bank/
- Memory Bank jest aktywny i aktualny

### 3. Status projektu
- System jest w pełni funkcjonalny i wdrożony w produkcji
- Wszystkie kluczowe funkcjonalności zostały zrealizowane
- Pełna integracja z Google Calendar jest aktywna

### 4. Przygotowanie do operacji Git
- Następne kroki: git add, commit i push
- Planowany commit: "Memory Bank Update and Progress Log"

## Następne kroki
1. Wykonanie operacji git add
2. Utworzenie commita z odpowiednią nazwą
3. Push do głównego repozytorium

## Uwagi
- Memory Bank zawiera kompletną dokumentację projektu
- Wszystkie pliki są aktualne i spójne
- Projekt jest w stabilnej fazie produkcyjnej