=== PROJECT CONTEXT DOCUMENTATION UPDATE ===
Data: 2025-10-21 14:43 CEST
Status: ZAKOŃCZONO ✅

OPIS ZADANIA:
Kompleksowa aktualizacja dokumentacji projektu Beauty Salon Web App w folderze PROJECT_CONTEXT
w celu zsynchronizowania dokumentacji z aktualnym stanem kodu aplikacji.

WYKONANE PRACE:
1. Analiza 30 plików logów z folderu progress (23.09.2025 - 20.10.2025)
2. Przegląd pełnej struktury kodu aplikacji (admin-frontend, booking-functions)
3. Identyfikacja rozbieżności między dokumentacją a kodem
4. Aktualizacja 9 dokumentów w PROJECT_CONTEXT

ZAKTUALIZOWANE DOKUMENTY:
✅ Architektura Wysokiego Poziomu_NEW.md
✅ Model Danych Firestore_NEW.md  
✅ Architektura Komponentów Kalendarza_NEW.md
✅ Architektura Systemu Powiadomień_NEW.md
✅ Architektura Systemu Ustawień_NEW.md
✅ Architektura Struktury Folderów_NEW.md
✅ NEW_PROJECT_CONTEXT.md
✅ NEW_ARCHITECTURE.md
✅ NEW_PRD.md

KLUCZOWE NOWE FUNKCJONALNOŚCI UDOKUMENTOWANE:
- System wielopracowniczy z rolami (owner/employee/tester)
- Automatyczne tworzenie pracownika admina przy pierwszym logowaniu
- Integracja Google Calendar z OAuth2 i dwukierunkową synchronizacją
- Optymistyczne aktualizacje dla lepszej UX
- Firestore triggers dla automatycznej synchronizacji w tle
- Static fetch zamiast realtime listeners dla stabilności
- Kompleksowa struktura testów dla krytycznych hooków
- Advanced filtering z presetami dla wizyt
- Region optimization (Firestore eur3, Functions europe-central2)

NOWE PLIKI W DOKUMENTACJI:
- employee-context.tsx - kontekst zarządzania pracownikami
- google-calendar-service.ts - zaawansowany serwis Google Calendar
- firestore-triggers.ts - triggery automatycznej synchronizacji
- optimistic-updates.ts - optymistyczne aktualizacje UI
- useEmployee.ts, useOptimisticUpdates.ts - nowe hooki

NOWE KOLEKCJE FIRESTORE:
- googleTokens - OAuth2 tokens dla Google Calendar
- calendarSync - rekordy synchronizacji z Google Calendar
- filterPresets - zapisane filtry wizyt
- reports - rozszerzone raporty z dodatkowymi polami

WYNIK:
Wszystkie dokumenty w PROJECT_CONTEXT są teraz zgodne z aktualnym stanem kodu
aplikacji i odzwierciedlają pełną funkcjonalność systemu wielopracowniczego
z zaawansowaną integracją Google Calendar.

CZAS TRWANIA: ~2 godziny
STATUS: ZAKOŃCZONO SUKCESEM ✅