2025-10-13 17:00:00 - Rozpoczęcie aktualizacji dokumentacji projektu

Zadania wykonane:
1. Przeanalizowano strukturę całego projektu
2. Zaktualizowano dokumentację PRD (NEW_PRD.md)
3. Zaktualizowano zasady rozwoju (NEW_RULES.md)
4. Stworzono szczegółowy plan implementacji (NEW_TASK.md)
5. Stworzono kompleksową dokumentację architektury (NEW_ARCHITECTURE.md)

Kluczowe wnioski z analizy:
- Projekt jest w zaawansowanej fazie implementacji (Faza 1 - MVP)
- Większość funkcjonalności podstawowych jest już zaimplementowana
- System jest gotowy do finalnych testów i wdrożenia produkcyjnego
- Architektura oparta na Firebase jako managed solution
- Frontend zbudowany na Next.js 14+ z TypeScript i Tailwind CSS

Struktura projektu:
- Frontend: admin-frontend (Next.js 14+)
- Backend: Firebase (Firestore, Authentication, Functions, Hosting)
- Funkcje: booking-functions (Cloud Functions)
- Dokumentacja: PROJECT_CONTEXT/ z diagramami i nowymi plikami

Następne kroki:
1. Finalne testy i optymalizacje
2. Przygotowanie do wdrożenia produkcyjnego
3. Rozpoczęcie prac nad Faza 2 (rozszerzenia funkcjonalności)